<?xml version="1.0" encoding="UTF-8"?>
<!-- Generated by org.testng.reporters.JUnitReportReporter -->
<testsuite hostname="DESKTOP-C84JI4A" failures="0" tests="4" name="TestCases.Web.tests.ProductTests" time="46.500" errors="0" timestamp="2024-04-30T23:36:48 BDT" skipped="0">
  <testcase classname="TestCases.Web.tests.ProductTests" name="testToVerifyAddToCart3" time="11.532"/>
  <testcase classname="TestCases.Web.tests.ProductTests" name="testToVerifyAddToCart2" time="11.341"/>
  <testcase classname="TestCases.Web.tests.ProductTests" name="testToVerifyAddToCart4" time="12.023"/>
  <testcase classname="TestCases.Web.tests.ProductTests" name="testToVerifyAddToCart" time="11.604"/>
</testsuite> <!-- TestCases.Web.tests.ProductTests -->
