<?xml version="1.0" encoding="UTF-8"?>
<!-- Generated by org.testng.reporters.JUnitReportReporter -->
<testsuite hostname="DESKTOP-C84JI4A" failures="0" tests="4" name="TestCases.Web.tests.ProductTests" time="46.219" errors="0" timestamp="2024-04-22T13:21:27 BDT" skipped="0">
  <testcase classname="TestCases.Web.tests.ProductTests" name="testToVerifyAddToCart" time="11.498"/>
  <testcase classname="TestCases.Web.tests.ProductTests" name="testToVerifyAddToCart3" time="11.985"/>
  <testcase classname="TestCases.Web.tests.ProductTests" name="testToVerifyAddToCart2" time="11.331"/>
  <testcase classname="TestCases.Web.tests.ProductTests" name="testToVerifyAddToCart4" time="11.405"/>
</testsuite> <!-- TestCases.Web.tests.ProductTests -->
