<?xml version="1.0" encoding="UTF-8"?>
<!-- Generated by org.testng.reporters.JUnitReportReporter -->
<testsuite hostname="DESKTOP-C84JI4A" failures="0" tests="4" name="TestCases.Web.tests.ProductTests" time="48.994" errors="0" timestamp="2024-04-22T00:22:10 BDT" skipped="0">
  <testcase classname="TestCases.Web.tests.ProductTests" name="testToVerifyAddToCart2" time="12.581"/>
  <testcase classname="TestCases.Web.tests.ProductTests" name="testToVerifyAddToCart" time="11.886"/>
  <testcase classname="TestCases.Web.tests.ProductTests" name="testToVerifyAddToCart4" time="11.926"/>
  <testcase classname="TestCases.Web.tests.ProductTests" name="testToVerifyAddToCart3" time="12.601"/>
</testsuite> <!-- TestCases.Web.tests.ProductTests -->
